2020-10-20 19:41:20,818 - instabot version: 0.117.0 (bot) - INFO - Instabot version: 0.117.0 Started
2020-10-20 19:41:20,818 - instabot version: 0.117.0 (bot) - DEBUG - Bot imported from C:\Users\User\PycharmProjects\instagram\venv\lib\site-packages\instabot\bot\bot.py
2020-10-20 19:41:20,818 - instabot version: 0.117.0 (api_login) - DEBUG - Loading cookies
2020-10-20 19:41:20,818 - instabot version: 0.117.0 (api_login) - DEBUG - Loading uuids
2020-10-20 19:41:20,819 - instabot version: 0.117.0 (api_login) - INFO - Recovery from C:\Users\User\PycharmProjects\instagram/config/spacemongoose_uuid_and_cookie.json: COOKIE True - UUIDs True - TIMING, DEVICE and ...
- user-agent=Instagram 117.0.0.28.123 Android (28/9.0; 420dpi; 1080x1920; OnePlus; ONEPLUS A3003; OnePlus3; qcom; en_US; 180322800)
- phone_id=7452a544-004c-40f5-9c7f-4b3dda34ecd8
- uuid=17f9265b-1886-445a-a5f7-39ab3ee6c39e
- client_session_id=58a9aa77-3707-4ff3-b9b3-ae02d672d1ac
- device_id=android-8e6eac4cc5afefa9
2020-10-20 19:41:20,819 - instabot version: 0.117.0 (api_login) - INFO - LOGIN FLOW! Just logged-in: False
2020-10-20 19:41:22,172 - instabot version: 0.117.0 (api) - DEBUG - POST to endpoint: feed/timeline/ returned response: <Response [200]>
2020-10-20 19:41:22,463 - instabot version: 0.117.0 (api) - DEBUG - POST to endpoint: feed/reels_tray/ returned response: <Response [200]>
2020-10-20 19:41:22,689 - instabot version: 0.117.0 (api) - DEBUG - POST to endpoint: direct_v2/ranked_recipients/ returned response: <Response [200]>
2020-10-20 19:41:22,920 - instabot version: 0.117.0 (api) - DEBUG - POST to endpoint: direct_v2/ranked_recipients/ returned response: <Response [200]>
2020-10-20 19:41:23,190 - instabot version: 0.117.0 (api) - DEBUG - POST to endpoint: direct_v2/inbox/ returned response: <Response [200]>
2020-10-20 19:41:23,458 - instabot version: 0.117.0 (api) - DEBUG - GET to endpoint: direct_v2/get_presence/ returned response: <Response [200]>
2020-10-20 19:41:24,295 - instabot version: 0.117.0 (api) - DEBUG - GET to endpoint: news/inbox/?limited_activity=true&show_su=true returned response: <Response [200]>
2020-10-20 19:41:24,523 - instabot version: 0.117.0 (api) - DEBUG - GET to endpoint: users/profile_notice/ returned response: <Response [200]>
2020-10-20 19:41:24,814 - instabot version: 0.117.0 (api) - DEBUG - POST to endpoint: discover/explore/ returned response: <Response [200]>
2020-10-20 19:41:24,815 - instabot version: 0.117.0 (api) - INFO - Logged-in successfully as 'spacemongoose'!
2020-10-20 19:41:24,816 - instabot version: 0.117.0 (bot_checkpoint) - DEBUG - Loading Checkpoint file from: C:\Users\User\PycharmProjects\instagram/config/spacemongoose.checkpoint
2020-10-20 19:41:24,914 - instabot version: 0.117.0 (bot_checkpoint) - DEBUG - Saving Checkpoint file to: C:\Users\User\PycharmProjects\instagram/config/spacemongoose.checkpoint
2020-10-20 19:41:24,914 - instabot version: 0.117.0 (bot) - INFO - Total requests: 83
